{
    "tests": [
        {
            "output": {
                "passfail": "failed"
            },
            "traceback": "Traceback (most recent call last):\n  File \"/home/vmuser_hvjzuowk/CVResult.py\", line 29, in func_wrapper\n    ans = func(self)\n  File \"/home/vmuser_hvjzuowk/verify_student_output_test.py\", line 63, in testWrapper\n    \"second(s).\".format(time_limit))\nTimeoutError: Test aborted due to timeout. Test was expected to finish in fewer than 2 second(s).\n",
            "description": "Testing optic_flow_LK (25 points)"
        },
        {
            "output": {
                "passfail": "failed"
            },
            "traceback": "Traceback (most recent call last):\n  File \"/home/vmuser_hvjzuowk/CVResult.py\", line 29, in func_wrapper\n    ans = func(self)\n  File \"/home/vmuser_hvjzuowk/verify_student_output_test.py\", line 32, in handler\n    queue.put((None, testcase(obj)))\n  File \"run.py\", line 290, in test_create_combined_img\n    comb_img = ps4.create_combined_img(g_pyr_copy)\n  File \"/home/vmuser_hvjzuowk/workspace/ps4.py\", line 253, in create_combined_img\n    i = np.concatenate((i, np.zeros((cols-newCols, newRows))), axis=0)\nValueError: all the input array dimensions except for the concatenation axis must match exactly\n",
            "description": "Testing create_combined_img (5 points)"
        },
        {
            "output": {
                "passfail": "failed"
            },
            "traceback": "Traceback (most recent call last):\n  File \"/home/vmuser_hvjzuowk/CVResult.py\", line 29, in func_wrapper\n    ans = func(self)\n  File \"/home/vmuser_hvjzuowk/verify_student_output_test.py\", line 32, in handler\n    queue.put((None, testcase(obj)))\n  File \"run.py\", line 357, in test_warp\n    cv2.INTER_CUBIC, cv2.BORDER_REFLECT101)\n  File \"/home/vmuser_hvjzuowk/workspace/ps4.py\", line 361, in warp\n    Y = np.ndarray.flatten(mapV + mapX)\nValueError: operands could not be broadcast together with shapes (24,36) (24,36,2) \n",
            "description": "Testing warp (5 points)"
        },
        {
            "output": {
                "passfail": "failed"
            },
            "traceback": "Traceback (most recent call last):\n  File \"/home/vmuser_hvjzuowk/CVResult.py\", line 29, in func_wrapper\n    ans = func(self)\n  File \"/home/vmuser_hvjzuowk/verify_student_output_test.py\", line 32, in handler\n    queue.put((None, testcase(obj)))\n  File \"run.py\", line 415, in test_hierarchical_LK\n    cv2.BORDER_REFLECT101)\n  File \"/home/vmuser_hvjzuowk/workspace/ps4.py\", line 398, in hierarchical_lk\n    raise NotImplementedError\nNotImplementedError\n",
            "description": "Testing hierarchical_LK (25 points)"
        },
        {
            "output": {
                "passfail": "passed"
            },
            "traceback": "",
            "description": "Testing expand (10 points)"
        },
        {
            "output": {
                "passfail": "passed"
            },
            "traceback": "",
            "description": "Testing reduce (10 points)"
        },
        {
            "output": {
                "passfail": "passed"
            },
            "traceback": "",
            "description": "Testing gaussian_pyramid (10 points)"
        },
        {
            "output": {
                "passfail": "passed"
            },
            "traceback": "",
            "description": "Testing laplacian_pyramid (10 points)"
        }
    ],
    "unauthorized_lib_calls": []
}