{
    "tests": [
        {
            "output": {
                "passfail": "failed"
            },
            "traceback": "Traceback (most recent call last):\n  File \"/home/vmuser_hrmtnckw/CVResult.py\", line 29, in func_wrapper\n    ans = func(self)\n  File \"/home/vmuser_hrmtnckw/verify_student_output_test.py\", line 63, in testWrapper\n    \"second(s).\".format(time_limit))\nTimeoutError: Test aborted due to timeout. Test was expected to finish in fewer than 2 second(s).\n",
            "description": "Testing optic_flow_LK (25 points)"
        },
        {
            "output": {
                "passfail": "failed"
            },
            "traceback": "Traceback (most recent call last):\n  File \"/home/vmuser_hrmtnckw/CVResult.py\", line 29, in func_wrapper\n    ans = func(self)\n  File \"/home/vmuser_hrmtnckw/verify_student_output_test.py\", line 32, in handler\n    queue.put((None, testcase(obj)))\n  File \"run.py\", line 135, in test_expand\n    expanded = ps4.expand_image(test_array.copy())\n  File \"/home/vmuser_hrmtnckw/workspace/ps4.py\", line 384, in expand_image\n    raise NotImplementedError\nNotImplementedError\n",
            "description": "Testing expand (10 points)"
        },
        {
            "output": {
                "passfail": "failed"
            },
            "traceback": "Traceback (most recent call last):\n  File \"/home/vmuser_hrmtnckw/CVResult.py\", line 29, in func_wrapper\n    ans = func(self)\n  File \"/home/vmuser_hrmtnckw/verify_student_output_test.py\", line 32, in handler\n    queue.put((None, testcase(obj)))\n  File \"run.py\", line 235, in test_laplacian_pyramid\n    l_pyr = ps4.laplacian_pyramid(g_pyr_copy)\n  File \"/home/vmuser_hrmtnckw/workspace/ps4.py\", line 400, in laplacian_pyramid\n    lpyr = [gpyr.size-1]\nAttributeError: 'list' object has no attribute 'size'\n",
            "description": "Testing laplacian_pyramid (10 points)"
        },
        {
            "output": {
                "passfail": "failed"
            },
            "traceback": "Traceback (most recent call last):\n  File \"/home/vmuser_hrmtnckw/CVResult.py\", line 29, in func_wrapper\n    ans = func(self)\n  File \"/home/vmuser_hrmtnckw/verify_student_output_test.py\", line 32, in handler\n    queue.put((None, testcase(obj)))\n  File \"run.py\", line 357, in test_warp\n    cv2.INTER_CUBIC, cv2.BORDER_REFLECT101)\n  File \"/home/vmuser_hrmtnckw/workspace/ps4.py\", line 449, in warp\n    raise NotImplementedError\nNotImplementedError\n",
            "description": "Testing warp (5 points)"
        },
        {
            "output": {
                "passfail": "failed"
            },
            "traceback": "Traceback (most recent call last):\n  File \"/home/vmuser_hrmtnckw/CVResult.py\", line 29, in func_wrapper\n    ans = func(self)\n  File \"/home/vmuser_hrmtnckw/verify_student_output_test.py\", line 32, in handler\n    queue.put((None, testcase(obj)))\n  File \"run.py\", line 415, in test_hierarchical_LK\n    cv2.BORDER_REFLECT101)\n  File \"/home/vmuser_hrmtnckw/workspace/ps4.py\", line 480, in hierarchical_lk\n    raise NotImplementedError\nNotImplementedError\n",
            "description": "Testing hierarchical_LK (25 points)"
        },
        {
            "output": {
                "passfail": "passed"
            },
            "traceback": "",
            "description": "Testing reduce (10 points)"
        },
        {
            "output": {
                "passfail": "passed"
            },
            "traceback": "",
            "description": "Testing create_combined_img (5 points)"
        },
        {
            "output": {
                "passfail": "passed"
            },
            "traceback": "",
            "description": "Testing gaussian_pyramid (10 points)"
        }
    ],
    "unauthorized_lib_calls": []
}