{
    "tests": [
        {
            "output": {
                "passfail": "failed"
            },
            "traceback": "Traceback (most recent call last):\n  File \"/home/vmuser_bmjkogzt/verify_student_output.py\", line 32, in handler\n    queue.put((None, testcase(obj)))\n  File \"/home/vmuser_bmjkogzt/CVResult.py\", line 29, in func_wrapper\n    ans = func(self)\n  File \"run.py\", line 326, in test_HaarFeature_evaluate\n    result = hf.evaluate(integral_image)\n  File \"/home/vmuser_bmjkogzt/workspace/ps6.py\", line 455, in evaluate\n    raise NotImplementedError\nNotImplementedError\n",
            "description": "Testing HaarFeature.evaluate (25 points)"
        },
        {
            "output": {
                "passfail": "failed"
            },
            "traceback": "Traceback (most recent call last):\n  File \"/home/vmuser_bmjkogzt/verify_student_output.py\", line 32, in handler\n    queue.put((None, testcase(obj)))\n  File \"/home/vmuser_bmjkogzt/CVResult.py\", line 29, in func_wrapper\n    ans = func(self)\n  File \"run.py\", line 282, in test_preview\n    self.assertTrue(correct, message)\nAssertionError: Output image does not match the reference solution. Parameters used: feat_type:(3, 1), position: (6, 13), size: (36, 6)\n",
            "description": "Testing HaarFeature.preview (10 points)"
        },
        {
            "output": {
                "passfail": "passed"
            },
            "traceback": "",
            "description": "Testing average face (10 points)"
        },
        {
            "output": {
                "passfail": "passed"
            },
            "traceback": "",
            "description": "Testing pca eigenvalues (15 points)"
        },
        {
            "output": {
                "passfail": "passed"
            },
            "traceback": "",
            "description": "Testing split_dataset (10 points)"
        },
        {
            "output": {
                "passfail": "passed"
            },
            "traceback": "",
            "description": "Testing Boosting.evaluate (10 points)"
        },
        {
            "output": {
                "passfail": "passed"
            },
            "traceback": "",
            "description": "Testing Boosting.predict (10 points)"
        },
        {
            "output": {
                "passfail": "passed"
            },
            "traceback": "",
            "description": "Testing convert_images_to_integral_images (10 points)"
        }
    ],
    "unauthorized_lib_calls": []
}