{
    "tests": [
        {
            "output": {
                "passfail": "failed"
            },
            "traceback": "Traceback (most recent call last):\n  File \"/home/vmuser_iutwxfqv/CVResult.py\", line 29, in func_wrapper\n    ans = func(self)\n  File \"run.py\", line 171, in test_detection_in_simulated_noisy_circles\n    ret_list = ps3.find_markers(test_image.astype('uint8'), template)\n  File \"/home/vmuser_iutwxfqv/workspace/ps3.py\", line 110, in find_markers\n    return [long(topLeft), long(bottomLeft), long(topRight), long(bottomRight)]\nTypeError: long() argument must be a string or a number, not 'tuple'\n",
            "description": "Test for find_markers with noise: just circles (15 points)"
        },
        {
            "output": {
                "passfail": "failed"
            },
            "traceback": "Traceback (most recent call last):\n  File \"/home/vmuser_iutwxfqv/CVResult.py\", line 29, in func_wrapper\n    ans = func(self)\n  File \"run.py\", line 127, in test_detection_in_simulated_scene\n    template)\n  File \"/home/vmuser_iutwxfqv/workspace/ps3.py\", line 110, in find_markers\n    return [long(topLeft), long(bottomLeft), long(topRight), long(bottomRight)]\nTypeError: long() argument must be a string or a number, not 'tuple'\n",
            "description": "Test for find_markers on empty background (10 points)"
        },
        {
            "output": {
                "passfail": "failed"
            },
            "traceback": "Traceback (most recent call last):\n  File \"/home/vmuser_iutwxfqv/CVResult.py\", line 29, in func_wrapper\n    ans = func(self)\n  File \"run.py\", line 223, in test_detection_in_simulated_with_gaussian_and_circles\n    template)\n  File \"/home/vmuser_iutwxfqv/workspace/ps3.py\", line 110, in find_markers\n    return [long(topLeft), long(bottomLeft), long(topRight), long(bottomRight)]\nTypeError: long() argument must be a string or a number, not 'tuple'\n",
            "description": "Test for find_markers with noise: circles + gaussian (15 points)"
        },
        {
            "output": {
                "passfail": "failed"
            },
            "traceback": "Traceback (most recent call last):\n  File \"/home/vmuser_iutwxfqv/CVResult.py\", line 29, in func_wrapper\n    ans = func(self)\n  File \"run.py\", line 367, in test_projective_geometry\n    self.test_grad_image.copy(), black_bg, self.homography)\n  File \"/home/vmuser_iutwxfqv/workspace/ps3.py\", line 209, in project_imageA_onto_imageB\n    raise NotImplementedError\nNotImplementedError\n",
            "description": "Test for project_imageA_onto_imageB (20 points)"
        },
        {
            "output": {
                "passfail": "failed"
            },
            "traceback": "Traceback (most recent call last):\n  File \"/home/vmuser_iutwxfqv/CVResult.py\", line 29, in func_wrapper\n    ans = func(self)\n  File \"run.py\", line 337, in test_solving_for_homography\n    self.marker_positions)\n  File \"/home/vmuser_iutwxfqv/workspace/ps3.py\", line 232, in find_four_point_transform\n    raise NotImplementedError\nNotImplementedError\n",
            "description": "Test for find_four_point_transform (20 points)"
        },
        {
            "output": {
                "passfail": "failed"
            },
            "traceback": "Traceback (most recent call last):\n  File \"/home/vmuser_iutwxfqv/CVResult.py\", line 29, in func_wrapper\n    ans = func(self)\n  File \"run.py\", line 395, in test_frame_generator\n    image = image_gen.next()\n  File \"/home/vmuser_iutwxfqv/workspace/ps3.py\", line 250, in video_frame_generator\n    while video.isOpened():\nAttributeError: 'NoneType' object has no attribute 'isOpened'\n",
            "description": "Test for video_frame_generator (5 points)"
        },
        {
            "output": {
                "passfail": "failed"
            },
            "traceback": "Traceback (most recent call last):\n  File \"/home/vmuser_iutwxfqv/CVResult.py\", line 29, in func_wrapper\n    ans = func(self)\n  File \"run.py\", line 285, in test_draw_box\n    msg=error_msg)\nAssertionError: Number of drawn pixels too far from expected amount.\n",
            "description": "Test for draw_box (5 points)"
        },
        {
            "output": {
                "passfail": "failed"
            },
            "traceback": "Traceback (most recent call last):\n  File \"/home/vmuser_iutwxfqv/CVResult.py\", line 29, in func_wrapper\n    ans = func(self)\n  File \"run.py\", line 329, in test_get_corners_list\n    self.assertEqual(a[1], b[1], msg=error_msg % ('Y', i, b[1], a[1]))\nAssertionError: Y outside of tolerance at index 1. Expected 199.0 instead got 500.0.\n",
            "description": "Test for get_corners_list (10 points)"
        }
    ],
    "unauthorized_lib_calls": []
}