{
    "tests": [
        {
            "output": {
                "passfail": "failed"
            },
            "traceback": "Traceback (most recent call last):\n  File \"/home/vmuser_mkagfqiw/CVResult.py\", line 29, in func_wrapper\n    ans = func(self)\n  File \"run.py\", line 367, in test_projective_geometry\n    self.test_grad_image.copy(), black_bg, self.homography)\n  File \"/home/vmuser_mkagfqiw/workspace/ps3.py\", line 150, in project_imageA_onto_imageB\n    raise NotImplementedError\nNotImplementedError\n",
            "description": "Test for project_imageA_onto_imageB (20 points)"
        },
        {
            "output": {
                "passfail": "failed"
            },
            "traceback": "Traceback (most recent call last):\n  File \"/home/vmuser_mkagfqiw/CVResult.py\", line 29, in func_wrapper\n    ans = func(self)\n  File \"run.py\", line 337, in test_solving_for_homography\n    self.marker_positions)\n  File \"/home/vmuser_mkagfqiw/workspace/ps3.py\", line 173, in find_four_point_transform\n    raise NotImplementedError\nNotImplementedError\n",
            "description": "Test for find_four_point_transform (20 points)"
        },
        {
            "output": {
                "passfail": "failed"
            },
            "traceback": "Traceback (most recent call last):\n  File \"/home/vmuser_mkagfqiw/CVResult.py\", line 29, in func_wrapper\n    ans = func(self)\n  File \"run.py\", line 395, in test_frame_generator\n    image = image_gen.next()\n  File \"/home/vmuser_mkagfqiw/workspace/ps3.py\", line 191, in video_frame_generator\n    while video.isOpened():\nAttributeError: 'NoneType' object has no attribute 'isOpened'\n",
            "description": "Test for video_frame_generator (5 points)"
        },
        {
            "output": {
                "passfail": "failed"
            },
            "traceback": "Traceback (most recent call last):\n  File \"/home/vmuser_mkagfqiw/CVResult.py\", line 29, in func_wrapper\n    ans = func(self)\n  File \"run.py\", line 191, in test_detection_in_simulated_noisy_circles\n    self.assertTrue(x_dist_test and y_dist_test, msg=error_msg)\nAssertionError: Expected (155.0,153.0)  with acceptable distance 2 but got (282.0,42.0)\n",
            "description": "Test for find_markers with noise: just circles (15 points)"
        },
        {
            "output": {
                "passfail": "failed"
            },
            "traceback": "Traceback (most recent call last):\n  File \"/home/vmuser_mkagfqiw/CVResult.py\", line 29, in func_wrapper\n    ans = func(self)\n  File \"run.py\", line 150, in test_detection_in_simulated_scene\n    self.assertTrue(x_dist_test and y_dist_test, msg=error_msg)\nAssertionError: Expected (56.0,54.0)  with acceptable distance 2 but got (248.0,52.0)\n",
            "description": "Test for find_markers on empty background (10 points)"
        },
        {
            "output": {
                "passfail": "failed"
            },
            "traceback": "Traceback (most recent call last):\n  File \"/home/vmuser_mkagfqiw/CVResult.py\", line 29, in func_wrapper\n    ans = func(self)\n  File \"run.py\", line 244, in test_detection_in_simulated_with_gaussian_and_circles\n    self.assertTrue(x_dist_test and y_dist_test, msg=error_msg)\nAssertionError: Expected (64.0,152.0)  with acceptable distance 2 but got (250.0,43.0)\n",
            "description": "Test for find_markers with noise: circles + gaussian (15 points)"
        },
        {
            "output": {
                "passfail": "failed"
            },
            "traceback": "Traceback (most recent call last):\n  File \"/home/vmuser_mkagfqiw/CVResult.py\", line 29, in func_wrapper\n    ans = func(self)\n  File \"run.py\", line 285, in test_draw_box\n    msg=error_msg)\nAssertionError: Number of drawn pixels too far from expected amount.\n",
            "description": "Test for draw_box (5 points)"
        },
        {
            "output": {
                "passfail": "failed"
            },
            "traceback": "Traceback (most recent call last):\n  File \"/home/vmuser_mkagfqiw/CVResult.py\", line 29, in func_wrapper\n    ans = func(self)\n  File \"run.py\", line 329, in test_get_corners_list\n    self.assertEqual(a[1], b[1], msg=error_msg % ('Y', i, b[1], a[1]))\nAssertionError: Y outside of tolerance at index 1. Expected 199.0 instead got 500.0.\n",
            "description": "Test for get_corners_list (10 points)"
        }
    ],
    "unauthorized_lib_calls": []
}