{
    "tests": [
        {
            "output": {
                "passfail": "failed"
            },
            "traceback": "Traceback (most recent call last):\n  File \"/home/vmuser_ekfyhumd/CVResult.py\", line 29, in func_wrapper\n    ans = func(self)\n  File \"run.py\", line 367, in test_projective_geometry\n    self.test_grad_image.copy(), black_bg, self.homography)\n  File \"/home/vmuser_ekfyhumd/workspace/ps3.py\", line 149, in project_imageA_onto_imageB\n    raise NotImplementedError\nNotImplementedError\n",
            "description": "Test for project_imageA_onto_imageB (20 points)"
        },
        {
            "output": {
                "passfail": "failed"
            },
            "traceback": "Traceback (most recent call last):\n  File \"/home/vmuser_ekfyhumd/CVResult.py\", line 29, in func_wrapper\n    ans = func(self)\n  File \"run.py\", line 337, in test_solving_for_homography\n    self.marker_positions)\n  File \"/home/vmuser_ekfyhumd/workspace/ps3.py\", line 172, in find_four_point_transform\n    raise NotImplementedError\nNotImplementedError\n",
            "description": "Test for find_four_point_transform (20 points)"
        },
        {
            "output": {
                "passfail": "failed"
            },
            "traceback": "Traceback (most recent call last):\n  File \"/home/vmuser_ekfyhumd/CVResult.py\", line 29, in func_wrapper\n    ans = func(self)\n  File \"run.py\", line 395, in test_frame_generator\n    image = image_gen.next()\n  File \"/home/vmuser_ekfyhumd/workspace/ps3.py\", line 190, in video_frame_generator\n    while video.isOpened():\nAttributeError: 'NoneType' object has no attribute 'isOpened'\n",
            "description": "Test for video_frame_generator (5 points)"
        },
        {
            "output": {
                "passfail": "failed"
            },
            "traceback": "Traceback (most recent call last):\n  File \"/home/vmuser_ekfyhumd/CVResult.py\", line 29, in func_wrapper\n    ans = func(self)\n  File \"run.py\", line 176, in test_detection_in_simulated_noisy_circles\n    self.check_list_or_tuple(ret_list, length=4)\n  File \"/home/vmuser_ekfyhumd/verify_student_output.py\", line 106, in check_list_or_tuple\n    .format(len(output), length))\nAssertionError: List or tuple does not have the required number of elements. Your function returned a 0-element list or tuple while the answer must be a 4-element list or tuple\n",
            "description": "Test for find_markers with noise: just circles (15 points)"
        },
        {
            "output": {
                "passfail": "failed"
            },
            "traceback": "Traceback (most recent call last):\n  File \"/home/vmuser_ekfyhumd/CVResult.py\", line 29, in func_wrapper\n    ans = func(self)\n  File \"run.py\", line 132, in test_detection_in_simulated_scene\n    self.check_list_or_tuple(ret_list, length=4)\n  File \"/home/vmuser_ekfyhumd/verify_student_output.py\", line 106, in check_list_or_tuple\n    .format(len(output), length))\nAssertionError: List or tuple does not have the required number of elements. Your function returned a 0-element list or tuple while the answer must be a 4-element list or tuple\n",
            "description": "Test for find_markers on empty background (10 points)"
        },
        {
            "output": {
                "passfail": "failed"
            },
            "traceback": "Traceback (most recent call last):\n  File \"/home/vmuser_ekfyhumd/CVResult.py\", line 29, in func_wrapper\n    ans = func(self)\n  File \"run.py\", line 228, in test_detection_in_simulated_with_gaussian_and_circles\n    self.check_list_or_tuple(ret_list, length=4)\n  File \"/home/vmuser_ekfyhumd/verify_student_output.py\", line 106, in check_list_or_tuple\n    .format(len(output), length))\nAssertionError: List or tuple does not have the required number of elements. Your function returned a 0-element list or tuple while the answer must be a 4-element list or tuple\n",
            "description": "Test for find_markers with noise: circles + gaussian (15 points)"
        },
        {
            "output": {
                "passfail": "failed"
            },
            "traceback": "Traceback (most recent call last):\n  File \"/home/vmuser_ekfyhumd/CVResult.py\", line 29, in func_wrapper\n    ans = func(self)\n  File \"run.py\", line 285, in test_draw_box\n    msg=error_msg)\nAssertionError: Number of drawn pixels too far from expected amount.\n",
            "description": "Test for draw_box (5 points)"
        },
        {
            "output": {
                "passfail": "failed"
            },
            "traceback": "Traceback (most recent call last):\n  File \"/home/vmuser_ekfyhumd/CVResult.py\", line 29, in func_wrapper\n    ans = func(self)\n  File \"run.py\", line 329, in test_get_corners_list\n    self.assertEqual(a[1], b[1], msg=error_msg % ('Y', i, b[1], a[1]))\nAssertionError: Y outside of tolerance at index 1. Expected 199.0 instead got 500.0.\n",
            "description": "Test for get_corners_list (10 points)"
        }
    ],
    "unauthorized_lib_calls": []
}