{
    "tests": [
        {
            "output": {
                "passfail": "failed"
            },
            "traceback": "Traceback (most recent call last):\n  File \"/home/vmuser_hgsqocib/CVResult.py\", line 29, in func_wrapper\n    ans = func(self)\n  File \"run.py\", line 367, in test_projective_geometry\n    self.test_grad_image.copy(), black_bg, self.homography)\n  File \"/home/vmuser_hgsqocib/workspace/ps3.py\", line 213, in project_imageA_onto_imageB\n    for (x,y) in find_markers(imB):\n  File \"/home/vmuser_hgsqocib/workspace/ps3.py\", line 78, in find_markers\n    (templateY, templateX) = template.shape[:2]\nAttributeError: 'NoneType' object has no attribute 'shape'\n",
            "description": "Test for project_imageA_onto_imageB (20 points)"
        },
        {
            "output": {
                "passfail": "failed"
            },
            "traceback": "Traceback (most recent call last):\n  File \"/home/vmuser_hgsqocib/CVResult.py\", line 29, in func_wrapper\n    ans = func(self)\n  File \"run.py\", line 395, in test_frame_generator\n    image = image_gen.next()\n  File \"/home/vmuser_hgsqocib/workspace/ps3.py\", line 302, in video_frame_generator\n    while video.isOpened():\nAttributeError: 'NoneType' object has no attribute 'isOpened'\n",
            "description": "Test for video_frame_generator (5 points)"
        },
        {
            "output": {
                "passfail": "passed"
            },
            "traceback": "",
            "description": "Test for find_markers with noise: just circles (15 points)"
        },
        {
            "output": {
                "passfail": "passed"
            },
            "traceback": "",
            "description": "Test for find_markers on empty background (10 points)"
        },
        {
            "output": {
                "passfail": "passed"
            },
            "traceback": "",
            "description": "Test for find_markers with noise: circles + gaussian (15 points)"
        },
        {
            "output": {
                "passfail": "passed"
            },
            "traceback": "",
            "description": "Test for draw_box (5 points)"
        },
        {
            "output": {
                "passfail": "passed"
            },
            "traceback": "",
            "description": "Test for get_corners_list (10 points)"
        },
        {
            "output": {
                "passfail": "passed"
            },
            "traceback": "",
            "description": "Test for find_four_point_transform (20 points)"
        }
    ],
    "unauthorized_lib_calls": []
}